{"/Users/felicianomandjam/Desktop/Developpement_Web /formationCreteil /SieliProjetFormation/BACK/config/db.js": {"path":"/Users/felicianomandjam/Desktop/Developpement_Web /formationCreteil /SieliProjetFormation/BACK/config/db.js","statementMap":{"0":{"start":{"line":5,"column":19},"end":{"line":16,"column":1}}},"fnMap":{},"branchMap":{},"s":{"0":1},"f":{},"b":{},"inputSourceMap":null,"_coverageSchema":"1a1c01bbd47fc00a2c39e90264f33305004495a9","hash":"fc8203170fc6940f14170a46e6463805e6d6a2f0"}
,"/Users/felicianomandjam/Desktop/Developpement_Web /formationCreteil /SieliProjetFormation/BACK/config/env.js": {"path":"/Users/felicianomandjam/Desktop/Developpement_Web /formationCreteil /SieliProjetFormation/BACK/config/env.js","statementMap":{"0":{"start":{"line":3,"column":0},"end":{"line":3,"column":15}},"1":{"start":{"line":5,"column":19},"end":{"line":20,"column":1}}},"fnMap":{},"branchMap":{},"s":{"0":1,"1":1},"f":{},"b":{},"inputSourceMap":null,"_coverageSchema":"1a1c01bbd47fc00a2c39e90264f33305004495a9","hash":"61dc1e876ea65d39d832aed7d7cf44ef875db5ee"}
,"/Users/felicianomandjam/Desktop/Developpement_Web /formationCreteil /SieliProjetFormation/BACK/controllers/user.controller.js": {"path":"/Users/felicianomandjam/Desktop/Developpement_Web /formationCreteil /SieliProjetFormation/BACK/controllers/user.controller.js","statementMap":{"0":{"start":{"line":74,"column":22},"end":{"line":84,"column":1}},"1":{"start":{"line":75,"column":2},"end":{"line":83,"column":3}},"2":{"start":{"line":77,"column":18},"end":{"line":77,"column":38}},"3":{"start":{"line":78,"column":4},"end":{"line":78,"column":32}},"4":{"start":{"line":79,"column":4},"end":{"line":79,"column":25}},"5":{"start":{"line":81,"column":24},"end":{"line":81,"column":78}},"6":{"start":{"line":82,"column":4},"end":{"line":82,"column":45}},"7":{"start":{"line":143,"column":85},"end":{"line":143,"column":38952}},"8":{"start":{"line":143,"column":89},"end":{"line":143,"column":38941}}},"fnMap":{"0":{"name":"(anonymous_0)","decl":{"start":{"line":74,"column":22},"end":{"line":74,"column":23}},"loc":{"start":{"line":74,"column":42},"end":{"line":84,"column":1}},"line":74},"1":{"name":"oo_cm","decl":{"start":{"line":143,"column":77},"end":{"line":143,"column":82}},"loc":{"start":{"line":143,"column":84},"end":{"line":143,"column":38953}},"line":143}},"branchMap":{"0":{"loc":{"start":{"line":143,"column":96},"end":{"line":143,"column":38940}},"type":"binary-expr","locations":[{"start":{"line":143,"column":96},"end":{"line":143,"column":133}},{"start":{"line":143,"column":137},"end":{"line":143,"column":38940}}],"line":143}},"s":{"0":1,"1":1,"2":1,"3":1,"4":1,"5":0,"6":0,"7":0,"8":0},"f":{"0":1,"1":0},"b":{"0":[0,0]},"inputSourceMap":null,"_coverageSchema":"1a1c01bbd47fc00a2c39e90264f33305004495a9","hash":"890a73bd5ee182c85e3f9376feed93433d4ed7f3"}
,"/Users/felicianomandjam/Desktop/Developpement_Web /formationCreteil /SieliProjetFormation/BACK/models/category.model.js": {"path":"/Users/felicianomandjam/Desktop/Developpement_Web /formationCreteil /SieliProjetFormation/BACK/models/category.model.js","statementMap":{"0":{"start":{"line":2,"column":4},"end":{"line":14,"column":6}}},"fnMap":{"0":{"name":"(anonymous_0)","decl":{"start":{"line":1,"column":15},"end":{"line":1,"column":16}},"loc":{"start":{"line":1,"column":42},"end":{"line":15,"column":3}},"line":1}},"branchMap":{},"s":{"0":1},"f":{"0":1},"b":{},"inputSourceMap":null,"_coverageSchema":"1a1c01bbd47fc00a2c39e90264f33305004495a9","hash":"63ff14d754c204c947c215337ac547eb7013abca"}
,"/Users/felicianomandjam/Desktop/Developpement_Web /formationCreteil /SieliProjetFormation/BACK/models/contact.model.js": {"path":"/Users/felicianomandjam/Desktop/Developpement_Web /formationCreteil /SieliProjetFormation/BACK/models/contact.model.js","statementMap":{"0":{"start":{"line":2,"column":4},"end":{"line":30,"column":6}}},"fnMap":{"0":{"name":"(anonymous_0)","decl":{"start":{"line":1,"column":15},"end":{"line":1,"column":16}},"loc":{"start":{"line":1,"column":42},"end":{"line":31,"column":3}},"line":1}},"branchMap":{},"s":{"0":1},"f":{"0":1},"b":{},"inputSourceMap":null,"_coverageSchema":"1a1c01bbd47fc00a2c39e90264f33305004495a9","hash":"373fca0a4b2cb497917e6f04c1a26b74b676d07b"}
,"/Users/felicianomandjam/Desktop/Developpement_Web /formationCreteil /SieliProjetFormation/BACK/models/index.js": {"path":"/Users/felicianomandjam/Desktop/Developpement_Web /formationCreteil /SieliProjetFormation/BACK/models/index.js","statementMap":{"0":{"start":{"line":11,"column":0},"end":{"line":16,"column":1}},"1":{"start":{"line":12,"column":2},"end":{"line":12,"column":34}},"2":{"start":{"line":13,"column":22},"end":{"line":13,"column":94}},"3":{"start":{"line":15,"column":2},"end":{"line":15,"column":65}},"4":{"start":{"line":18,"column":0},"end":{"line":18,"column":33}},"5":{"start":{"line":19,"column":0},"end":{"line":19,"column":36}},"6":{"start":{"line":20,"column":0},"end":{"line":20,"column":36}},"7":{"start":{"line":21,"column":0},"end":{"line":21,"column":37}},"8":{"start":{"line":23,"column":45},"end":{"line":23,"column":62}},"9":{"start":{"line":31,"column":0},"end":{"line":31,"column":54}},"10":{"start":{"line":32,"column":20},"end":{"line":32,"column":82}},"11":{"start":{"line":42,"column":85},"end":{"line":42,"column":38952}},"12":{"start":{"line":42,"column":89},"end":{"line":42,"column":38941}}},"fnMap":{"0":{"name":"oo_cm","decl":{"start":{"line":42,"column":77},"end":{"line":42,"column":82}},"loc":{"start":{"line":42,"column":84},"end":{"line":42,"column":38953}},"line":42}},"branchMap":{"0":{"loc":{"start":{"line":42,"column":96},"end":{"line":42,"column":38940}},"type":"binary-expr","locations":[{"start":{"line":42,"column":96},"end":{"line":42,"column":133}},{"start":{"line":42,"column":137},"end":{"line":42,"column":38940}}],"line":42}},"s":{"0":1,"1":1,"2":1,"3":0,"4":1,"5":1,"6":1,"7":1,"8":1,"9":1,"10":1,"11":2,"12":2},"f":{"0":2},"b":{"0":[2,1]},"inputSourceMap":null,"_coverageSchema":"1a1c01bbd47fc00a2c39e90264f33305004495a9","hash":"56cf68a8b006ca7a2e5cc3dd0303512e7407460c"}
,"/Users/felicianomandjam/Desktop/Developpement_Web /formationCreteil /SieliProjetFormation/BACK/models/product.model.js": {"path":"/Users/felicianomandjam/Desktop/Developpement_Web /formationCreteil /SieliProjetFormation/BACK/models/product.model.js","statementMap":{"0":{"start":{"line":2,"column":2},"end":{"line":25,"column":4}}},"fnMap":{"0":{"name":"(anonymous_0)","decl":{"start":{"line":1,"column":15},"end":{"line":1,"column":16}},"loc":{"start":{"line":1,"column":42},"end":{"line":26,"column":1}},"line":1}},"branchMap":{},"s":{"0":1},"f":{"0":1},"b":{},"inputSourceMap":null,"_coverageSchema":"1a1c01bbd47fc00a2c39e90264f33305004495a9","hash":"8129465dcea2619022d2fb78625b4aba0d532780"}
,"/Users/felicianomandjam/Desktop/Developpement_Web /formationCreteil /SieliProjetFormation/BACK/models/user.model.js": {"path":"/Users/felicianomandjam/Desktop/Developpement_Web /formationCreteil /SieliProjetFormation/BACK/models/user.model.js","statementMap":{"0":{"start":{"line":2,"column":4},"end":{"line":31,"column":4}}},"fnMap":{"0":{"name":"(anonymous_0)","decl":{"start":{"line":1,"column":15},"end":{"line":1,"column":16}},"loc":{"start":{"line":1,"column":42},"end":{"line":32,"column":1}},"line":1}},"branchMap":{},"s":{"0":1},"f":{"0":1},"b":{},"inputSourceMap":null,"_coverageSchema":"1a1c01bbd47fc00a2c39e90264f33305004495a9","hash":"c475fe3cc9b063578df8964a9cd0b16e072677c9"}
,"/Users/felicianomandjam/Desktop/Developpement_Web /formationCreteil /SieliProjetFormation/BACK/routes/user.router.js": {"path":"/Users/felicianomandjam/Desktop/Developpement_Web /formationCreteil /SieliProjetFormation/BACK/routes/user.router.js","statementMap":{"0":{"start":{"line":6,"column":15},"end":{"line":6,"column":31}},"1":{"start":{"line":8,"column":0},"end":{"line":8,"column":44}}},"fnMap":{},"branchMap":{},"s":{"0":1,"1":1},"f":{},"b":{},"inputSourceMap":null,"_coverageSchema":"1a1c01bbd47fc00a2c39e90264f33305004495a9","hash":"56681694a39f7be91de6124eef5e6fa502e8a538"}
}
