TN:
SF:config/db.js
FNF:0
FNH:0
DA:5,1
LF:1
LH:1
BRF:0
BRH:0
end_of_record
TN:
SF:config/env.js
FNF:0
FNH:0
DA:3,1
DA:5,1
LF:2
LH:2
BRF:0
BRH:0
end_of_record
TN:
SF:controllers/user.controller.js
FN:74,(anonymous_0)
FN:143,oo_cm
FNF:2
FNH:1
FNDA:1,(anonymous_0)
FNDA:0,oo_cm
DA:74,1
DA:75,1
DA:77,1
DA:78,1
DA:79,1
DA:81,0
DA:82,0
DA:143,0
LF:8
LH:5
BRDA:143,0,0,0
BRDA:143,0,1,0
BRF:2
BRH:0
end_of_record
TN:
SF:models/category.model.js
FN:1,(anonymous_0)
FNF:1
FNH:1
FNDA:1,(anonymous_0)
DA:2,1
LF:1
LH:1
BRF:0
BRH:0
end_of_record
TN:
SF:models/contact.model.js
FN:1,(anonymous_0)
FNF:1
FNH:1
FNDA:1,(anonymous_0)
DA:2,1
LF:1
LH:1
BRF:0
BRH:0
end_of_record
TN:
SF:models/index.js
FN:42,oo_cm
FNF:1
FNH:1
FNDA:2,oo_cm
DA:11,1
DA:12,1
DA:13,1
DA:15,0
DA:18,1
DA:19,1
DA:20,1
DA:21,1
DA:23,1
DA:31,1
DA:32,1
DA:42,2
LF:12
LH:11
BRDA:42,0,0,2
BRDA:42,0,1,1
BRF:2
BRH:2
end_of_record
TN:
SF:models/product.model.js
FN:1,(anonymous_0)
FNF:1
FNH:1
FNDA:1,(anonymous_0)
DA:2,1
LF:1
LH:1
BRF:0
BRH:0
end_of_record
TN:
SF:models/user.model.js
FN:1,(anonymous_0)
FNF:1
FNH:1
FNDA:1,(anonymous_0)
DA:2,1
LF:1
LH:1
BRF:0
BRH:0
end_of_record
TN:
SF:routes/user.router.js
FNF:0
FNH:0
DA:6,1
DA:8,1
LF:2
LH:2
BRF:0
BRH:0
end_of_record
